<?xml version="1.0" encoding="UTF-8"?>
<!-- Generated by org.testng.reporters.JUnitReportReporter -->
<testsuite hostname="NAZIA-PC" failures="0" tests="1" name="runners.Runnerreponsecode" time="5.496" errors="0" timestamp="2021-03-09T14:25:58 IST" skipped="0">
  <testcase classname="runners.Runnerreponsecode" name="runScenario" time="5.496"/>
  <system-out/>
</testsuite> <!-- runners.Runnerreponsecode -->
