<?xml version="1.0" encoding="UTF-8"?>
<!-- Generated by org.testng.reporters.JUnitReportReporter -->
<testsuite hostname="NAZIA-PC" failures="0" tests="1" name="NewTest" time="7.478" errors="0" timestamp="2021-03-08T19:16:41 IST" skipped="0">
  <testcase classname="NewTest" name="f" time="7.478"/>
  <system-out>
Inside Test Methods  </system-out>
</testsuite> <!-- NewTest -->
