<?xml version="1.0" encoding="UTF-8"?>
<!-- Generated by org.testng.reporters.JUnitReportReporter -->
<testsuite hostname="NAZIA-PC" failures="0" tests="2" name="stepdefinition.DataProviderTest" time="8.225" errors="0" timestamp="2021-03-10T13:47:56 IST" skipped="0">
  <testcase classname="stepdefinition.DataProviderTest" name="f" time="0.644"/>
  <system-out/>
  <testcase classname="stepdefinition.DataProviderTest" name="f" time="7.581"/>
  <system-out/>
</testsuite> <!-- stepdefinition.DataProviderTest -->
