<?xml version="1.0" encoding="UTF-8"?>
<!-- Generated by org.testng.reporters.JUnitReportReporter -->
<testsuite hostname="NAZIA-PC" failures="0" tests="1" name="runners.FutureDateStep" time="7.043" errors="0" timestamp="2021-03-10T13:18:56 IST" skipped="0">
  <testcase classname="runners.FutureDateStep" name="runScenario" time="7.043"/>
  <system-out/>
</testsuite> <!-- runners.FutureDateStep -->
