<?xml version="1.0" encoding="UTF-8"?>
<!-- Generated by org.testng.reporters.JUnitReportReporter -->
<testsuite hostname="NAZIA-PC" failures="0" tests="1" name="stepdefinition.NegativeAssertions" time="6.364" errors="0" timestamp="2021-03-10T12:08:34 IST" skipped="0">
  <testcase classname="stepdefinition.NegativeAssertions" name="f" time="6.364"/>
  <system-out/>
</testsuite> <!-- stepdefinition.NegativeAssertions -->
