<?xml version="1.0" encoding="UTF-8"?>
<!-- Generated by org.testng.reporters.JUnitReportReporter -->
<testsuite hostname="NAZIA-PC" failures="0" tests="1" name="stepdefinition.StepRestAssured" time="6.399" errors="0" timestamp="2021-03-09T19:19:03 IST" skipped="0">
  <testcase classname="stepdefinition.StepRestAssured" name="f" time="6.399"/>
  <system-out/>
</testsuite> <!-- stepdefinition.StepRestAssured -->
