<?xml version="1.0" encoding="UTF-8"?>
<!-- Generated by org.testng.reporters.JUnitReportReporter -->
<testsuite hostname="NAZIA-PC" failures="0" tests="2" name="stepdefinition.DataProviderTestngReports" time="6.129" errors="0" timestamp="2021-03-10T14:27:38 IST" skipped="0">
  <testcase classname="stepdefinition.DataProviderTestngReports" name="f" time="0.441"/>
  <system-out>
Date: 2015-01-12 was checked  </system-out>
  <testcase classname="stepdefinition.DataProviderTestngReports" name="f" time="5.688"/>
  <system-out>
Date: 2010-01-12 was checked  </system-out>
</testsuite> <!-- stepdefinition.DataProviderTestngReports -->
