<?xml version="1.0" encoding="UTF-8"?>
<!-- Generated by org.testng.reporters.JUnitReportReporter -->
<testsuite hostname="NAZIA-PC" failures="0" tests="1" name="stepdefinition.AssertionsRestAssured" time="5.676" errors="0" timestamp="2021-03-09T21:50:20 IST" skipped="0">
  <testcase classname="stepdefinition.AssertionsRestAssured" name="f" time="5.676"/>
  <system-out/>
</testsuite> <!-- stepdefinition.AssertionsRestAssured -->
