<?xml version="1.0" encoding="UTF-8"?>
<!-- Generated by org.testng.reporters.JUnitReportReporter -->
<testsuite hostname="NAZIA-PC" failures="0" tests="2" name="stepdefinition.DataProviderTest" time="17.520" errors="0" timestamp="2021-03-11T13:45:50 IST" skipped="0">
  <testcase classname="stepdefinition.DataProviderTest" name="f" time="16.683"/>
  <system-out/>
  <testcase classname="stepdefinition.DataProviderTest" name="f" time="0.837"/>
  <system-out/>
</testsuite> <!-- stepdefinition.DataProviderTest -->
