<?xml version="1.0" encoding="UTF-8"?>
<!-- Generated by org.testng.reporters.JUnitReportReporter -->
<testsuite hostname="NAZIA-PC" failures="0" tests="3" name="runners.NewTest0" time="0.038" errors="0" timestamp="2021-03-08T23:37:31 IST" skipped="0">
  <testcase classname="runners.NewTest0" name="a_multiplies_b" time="0.008"/>
  <system-out/>
  <testcase classname="runners.NewTest0" name="a_and_b" time="0.024"/>
  <system-out/>
  <testcase classname="runners.NewTest0" name="a_and_b_is_greater_than_zero" time="0.006"/>
  <system-out/>
</testsuite> <!-- runners.NewTest0 -->
