<?xml version="1.0" encoding="UTF-8"?>
<!-- Generated by org.testng.reporters.JUnitReportReporter -->
<testsuite hostname="NAZIA-PC" failures="0" tests="2" name="runners.RunnerTest" time="6.361" errors="0" timestamp="2021-03-09T14:25:14 IST" skipped="0">
  <testcase classname="runners.RunnerTest" name="runScenario" time="5.723"/>
  <system-out/>
  <testcase classname="runners.RunnerTest" name="runScenario" time="0.638"/>
  <system-out>
TestNG Reporter Class in @Then  </system-out>
</testsuite> <!-- runners.RunnerTest -->
