<?xml version="1.0" encoding="UTF-8"?>
<!-- Generated by org.testng.reporters.JUnitReportReporter -->
<testsuite hostname="NAZIA-PC" failures="0" tests="1" name="stepdefinition.StepRestAssured" time="7.931" errors="0" timestamp="2021-03-09T18:44:48 IST" skipped="0">
  <testcase classname="stepdefinition.StepRestAssured" name="f" time="7.931"/>
  <system-out/>
</testsuite> <!-- stepdefinition.StepRestAssured -->
