<?xml version="1.0" encoding="UTF-8"?>
<!-- Generated by org.testng.reporters.JUnitReportReporter -->
<testsuite hostname="NAZIA-PC" failures="0" tests="1" name="runners.RunnerNegativeTest" time="5.979" errors="0" timestamp="2021-03-10T11:24:36 IST" skipped="0">
  <testcase classname="runners.RunnerNegativeTest" name="runScenario" time="5.979"/>
  <system-out/>
</testsuite> <!-- runners.RunnerNegativeTest -->
