<?xml version="1.0" encoding="UTF-8"?>
<!-- Generated by org.testng.reporters.JUnitReportReporter -->
<testsuite hostname="NAZIA-PC" failures="0" tests="1" name="runners.RunnerTest" time="0.474" errors="0" timestamp="2021-03-09T00:11:13 IST" skipped="0">
  <testcase classname="runners.RunnerTest" name="runScenario" time="0.474"/>
  <system-out>
TestNG Reporter Class in @Then  </system-out>
</testsuite> <!-- runners.RunnerTest -->
