<?xml version="1.0" encoding="UTF-8"?>
<!-- Generated by org.testng.reporters.JUnitReportReporter -->
<testsuite hostname="NAZIA-PC" failures="0" tests="1" name="runners.steps.NewTest" time="0.028" errors="0" timestamp="2021-03-08T20:32:00 IST" skipped="0">
  <testcase classname="runners.steps.NewTest" name="f" time="0.028"/>
  <system-out/>
</testsuite> <!-- runners.steps.NewTest -->
