<?xml version="1.0" encoding="UTF-8"?>
<!-- Generated by org.testng.reporters.JUnitReportReporter -->
<testsuite hostname="NAZIA-PC" failures="0" tests="1" name="stepdefinition.FutureDateNegativeAssertion" time="6.613" errors="0" timestamp="2021-03-10T13:27:59 IST" skipped="0">
  <testcase classname="stepdefinition.FutureDateNegativeAssertion" name="f" time="6.613"/>
  <system-out/>
</testsuite> <!-- stepdefinition.FutureDateNegativeAssertion -->
